# JRE version: Java(TM) SE Runtime Environment (8.0_152-b16) (build 1.8.0_152-b16)
# Java VM: Java HotSpot(TM) 64-Bit Server VM (25.152-b16 mixed mode bsd-amd64 compressed oops)
Heap:
 par new generation   total 61440K, used 54754K [0x0000000787c00000, 0x000000078bea0000, 0x000000079a800000)
  eden space 54656K,  91% used [0x0000000787c00000, 0x000000078ac96950, 0x000000078b160000)
  from space 6784K,  73% used [0x000000078b800000, 0x000000078bce2128, 0x000000078bea0000)
  to   space 6784K,   0% used [0x000000078b160000, 0x000000078b160000, 0x000000078b800000)
 concurrent mark-sweep generation total 152968K, used 36435K [0x000000079a800000, 0x00000007a3d62000, 0x00000007c0000000)
 Metaspace       used 18141K, capacity 18382K, committed 18560K, reserved 1064960K
  class space    used 1972K, capacity 2067K, committed 2176K, reserved 1048576K
GC Heap History (10 events):
Event: 7712.583 GC heap before
{Heap before GC invocations=56 (full 3):
 par new generation   total 61440K, used 61440K [0x0000000787c00000, 0x000000078bea0000, 0x000000079a800000)
  eden space 54656K, 100% used [0x0000000787c00000, 0x000000078b160000, 0x000000078b160000)
  from space 6784K, 100% used [0x000000078b160000, 0x000000078b800000, 0x000000078b800000)
  to   space 6784K,   0% used [0x000000078b800000, 0x000000078b800000, 0x000000078bea0000)
 concurrent mark-sweep generation total 152968K, used 90010K [0x000000079a800000, 0x00000007a3d62000, 0x00000007c0000000)
 Metaspace       used 17757K, capacity 18070K, committed 18176K, reserved 1064960K
  class space    used 1947K, capacity 2033K, committed 2048K, reserved 1048576K
Event: 7712.586 GC heap after
Heap after GC invocations=57 (full 3):
 par new generation   total 61440K, used 6128K [0x0000000787c00000, 0x000000078bea0000, 0x000000079a800000)
  eden space 54656K,   0% used [0x0000000787c00000, 0x0000000787c00000, 0x000000078b160000)
  from space 6784K,  90% used [0x000000078b800000, 0x000000078bdfc0b8, 0x000000078bea0000)
  to   space 6784K,   0% used [0x000000078b160000, 0x000000078b160000, 0x000000078b800000)
 concurrent mark-sweep generation total 152968K, used 90010K [0x000000079a800000, 0x00000007a3d62000, 0x00000007c0000000)
 Metaspace       used 17757K, capacity 18070K, committed 18176K, reserved 1064960K
  class space    used 1947K, capacity 2033K, committed 2048K, reserved 1048576K
}
Event: 7832.491 GC heap before
{Heap before GC invocations=57 (full 3):
 par new generation   total 61440K, used 60784K [0x0000000787c00000, 0x000000078bea0000, 0x000000079a800000)
  eden space 54656K, 100% used [0x0000000787c00000, 0x000000078b160000, 0x000000078b160000)
  from space 6784K,  90% used [0x000000078b800000, 0x000000078bdfc0b8, 0x000000078bea0000)
  to   space 6784K,   0% used [0x000000078b160000, 0x000000078b160000, 0x000000078b800000)
 concurrent mark-sweep generation total 152968K, used 90010K [0x000000079a800000, 0x00000007a3d62000, 0x00000007c0000000)
 Metaspace       used 17940K, capacity 18230K, committed 18560K, reserved 1064960K
  class space    used 1971K, capacity 2065K, committed 2176K, reserved 1048576K
Event: 7832.660 GC heap after
Heap after GC invocations=58 (full 3):
 par new generation   total 61440K, used 6783K [0x0000000787c00000, 0x000000078bea0000, 0x000000079a800000)
  eden space 54656K,   0% used [0x0000000787c00000, 0x0000000787c00000, 0x000000078b160000)
  from space 6784K,  99% used [0x000000078b160000, 0x000000078b7ffff8, 0x000000078b800000)
  to   space 6784K,   0% used [0x000000078b800000, 0x000000078b800000, 0x000000078bea0000)
 concurrent mark-sweep generation total 152968K, used 98003K [0x000000079a800000, 0x00000007a3d62000, 0x00000007c0000000)
 Metaspace       used 17940K, capacity 18230K, committed 18560K, reserved 1064960K
  class space    used 1971K, capacity 2065K, committed 2176K, reserved 1048576K
}
Event: 7833.326 GC heap before
{Heap before GC invocations=58 (full 3):
 par new generation   total 61440K, used 61306K [0x0000000787c00000, 0x000000078bea0000, 0x000000079a800000)
  eden space 54656K,  99% used [0x0000000787c00000, 0x000000078b13e850, 0x000000078b160000)
  from space 6784K,  99% used [0x000000078b160000, 0x000000078b7ffff8, 0x000000078b800000)
  to   space 6784K,   0% used [0x000000078b800000, 0x000000078b800000, 0x000000078bea0000)
 concurrent mark-sweep generation total 152968K, used 98003K [0x000000079a800000, 0x00000007a3d62000, 0x00000007c0000000)
 Metaspace       used 18007K, capacity 18306K, committed 18560K, reserved 1064960K
  class space    used 1972K, capacity 2067K, committed 2176K, reserved 1048576K
Event: 7833.378 GC heap after
Heap after GC invocations=59 (full 3):
 par new generation   total 61440K, used 6784K [0x0000000787c00000, 0x000000078bea0000, 0x000000079a800000)
  eden space 54656K,   0% used [0x0000000787c00000, 0x0000000787c00000, 0x000000078b160000)
  from space 6784K, 100% used [0x000000078b800000, 0x000000078bea0000, 0x000000078bea0000)
  to   space 6784K,   0% used [0x000000078b160000, 0x000000078b160000, 0x000000078b800000)
 concurrent mark-sweep generation total 152968K, used 107741K [0x000000079a800000, 0x00000007a3d62000, 0x00000007c0000000)
 Metaspace       used 18007K, capacity 18306K, committed 18560K, reserved 1064960K
  class space    used 1972K, capacity 2067K, committed 2176K, reserved 1048576K
}
Event: 8461.422 GC heap before
{Heap before GC invocations=59 (full 4):
 par new generation   total 61440K, used 61440K [0x0000000787c00000, 0x000000078bea0000, 0x000000079a800000)
  eden space 54656K, 100% used [0x0000000787c00000, 0x000000078b160000, 0x000000078b160000)
  from space 6784K, 100% used [0x000000078b800000, 0x000000078bea0000, 0x000000078bea0000)
  to   space 6784K,   0% used [0x000000078b160000, 0x000000078b160000, 0x000000078b800000)
 concurrent mark-sweep generation total 152968K, used 31183K [0x000000079a800000, 0x00000007a3d62000, 0x00000007c0000000)
 Metaspace       used 18058K, capacity 18350K, committed 18560K, reserved 1064960K
  class space    used 1969K, capacity 2063K, committed 2176K, reserved 1048576K
Event: 8461.557 GC heap after
Heap after GC invocations=60 (full 4):
 par new generation   total 61440K, used 6223K [0x0000000787c00000, 0x000000078bea0000, 0x000000079a800000)
  eden space 54656K,   0% used [0x0000000787c00000, 0x0000000787c00000, 0x000000078b160000)
  from space 6784K,  91% used [0x000000078b160000, 0x000000078b773d68, 0x000000078b800000)
  to   space 6784K,   0% used [0x000000078b800000, 0x000000078b800000, 0x000000078bea0000)
 concurrent mark-sweep generation total 152968K, used 36435K [0x000000079a800000, 0x00000007a3d62000, 0x00000007c0000000)
 Metaspace       used 18058K, capacity 18350K, committed 18560K, reserved 1064960K
  class space    used 1969K, capacity 2063K, committed 2176K, reserved 1048576K
}
Event: 8871.289 GC heap before
{Heap before GC invocations=60 (full 4):
 par new generation   total 61440K, used 60857K [0x0000000787c00000, 0x000000078bea0000, 0x000000079a800000)
  eden space 54656K,  99% used [0x0000000787c00000, 0x000000078b15a928, 0x000000078b160000)
  from space 6784K,  91% used [0x000000078b160000, 0x000000078b773d68, 0x000000078b800000)
  to   space 6784K,   0% used [0x000000078b800000, 0x000000078b800000, 0x000000078bea0000)
 concurrent mark-sweep generation total 152968K, used 36435K [0x000000079a800000, 0x00000007a3d62000, 0x00000007c0000000)
 Metaspace       used 18078K, capacity 18350K, committed 18560K, reserved 1064960K
  class space    used 1969K, capacity 2063K, committed 2176K, reserved 1048576K
Event: 8871.333 GC heap after
Heap after GC invocations=61 (full 4):
 par new generation   total 61440K, used 5000K [0x0000000787c00000, 0x000000078bea0000, 0x000000079a800000)
  eden space 54656K,   0% used [0x0000000787c00000, 0x0000000787c00000, 0x000000078b160000)
  from space 6784K,  73% used [0x000000078b800000, 0x000000078bce2128, 0x000000078bea0000)
  to   space 6784K,   0% used [0x000000078b160000, 0x000000078b160000, 0x000000078b800000)
 concurrent mark-sweep generation total 152968K, used 36435K [0x000000079a800000, 0x00000007a3d62000, 0x00000007c0000000)
 Metaspace       used 18078K, capacity 18350K, committed 18560K, reserved 1064960K
  class space    used 1969K, capacity 2063K, committed 2176K, reserved 1048576K
}

