# JRE version: OpenJDK Runtime Environment Temurin-17.0.1+12 (17.0.1+12) (build 17.0.1+12)
# Java VM: OpenJDK 64-Bit Server VM Temurin-17.0.1+12 (17.0.1+12, mixed mode, tiered, compressed oops, compressed class ptrs, g1 gc, bsd-aarch64)
GC Precious Log:
 CPUs: 10 total, 10 available
 Memory: 32768M
 Large Page Support: Disabled
 NUMA Support: Disabled
 Compressed Oops: Enabled (Zero based)
 Heap Region Size: 2M
 Heap Min Capacity: 8M
 Heap Initial Capacity: 512M
 Heap Max Capacity: 2504M
 Pre-touch: Disabled
 Parallel Workers: 9
 Concurrent Workers: 2
 Concurrent Refinement Workers: 9
 Periodic GC: Disabled
Heap:
 garbage-first heap   total 561152K, used 444707K [0x0000000763800000, 0x0000000800000000)
  region size 2048K, 106 young (217088K), 6 survivors (12288K)
 Metaspace       used 54186K, committed 54656K, reserved 1097728K
  class space    used 6663K, committed 6912K, reserved 1048576K
GC Heap History (20 events):
Event: 7.510 GC heap before
{Heap before GC invocations=8 (full 0):
 garbage-first heap   total 561152K, used 309572K [0x0000000763800000, 0x0000000800000000)
  region size 2048K, 82 young (167936K), 6 survivors (12288K)
 Metaspace       used 31386K, committed 31744K, reserved 1081344K
  class space    used 3282K, committed 3456K, reserved 1048576K
}
Event: 7.514 GC heap after
{Heap after GC invocations=9 (full 0):
 garbage-first heap   total 561152K, used 162116K [0x0000000763800000, 0x0000000800000000)
  region size 2048K, 9 young (18432K), 9 survivors (18432K)
 Metaspace       used 31386K, committed 31744K, reserved 1081344K
  class space    used 3282K, committed 3456K, reserved 1048576K
}
Event: 7.520 GC heap before
{Heap before GC invocations=9 (full 0):
 garbage-first heap   total 561152K, used 170308K [0x0000000763800000, 0x0000000800000000)
  region size 2048K, 13 young (26624K), 9 survivors (18432K)
 Metaspace       used 31387K, committed 31744K, reserved 1081344K
  class space    used 3282K, committed 3456K, reserved 1048576K
}
Event: 7.523 GC heap after
{Heap after GC invocations=10 (full 0):
 garbage-first heap   total 561152K, used 161362K [0x0000000763800000, 0x0000000800000000)
  region size 2048K, 1 young (2048K), 1 survivors (2048K)
 Metaspace       used 31387K, committed 31744K, reserved 1081344K
  class space    used 3282K, committed 3456K, reserved 1048576K
}
Event: 7.920 GC heap before
{Heap before GC invocations=10 (full 0):
 garbage-first heap   total 561152K, used 368210K [0x0000000763800000, 0x0000000800000000)
  region size 2048K, 102 young (208896K), 1 survivors (2048K)
 Metaspace       used 32287K, committed 32640K, reserved 1081344K
  class space    used 3376K, committed 3520K, reserved 1048576K
}
Event: 7.931 GC heap after
{Heap after GC invocations=11 (full 0):
 garbage-first heap   total 561152K, used 217088K [0x0000000763800000, 0x0000000800000000)
  region size 2048K, 13 young (26624K), 13 survivors (26624K)
 Metaspace       used 32287K, committed 32640K, reserved 1081344K
  class space    used 3376K, committed 3520K, reserved 1048576K
}
Event: 8.426 GC heap before
{Heap before GC invocations=12 (full 0):
 garbage-first heap   total 561152K, used 387072K [0x0000000763800000, 0x0000000800000000)
  region size 2048K, 96 young (196608K), 13 survivors (26624K)
 Metaspace       used 37289K, committed 37760K, reserved 1089536K
  class space    used 4104K, committed 4352K, reserved 1048576K
}
Event: 8.438 GC heap after
{Heap after GC invocations=13 (full 0):
 garbage-first heap   total 561152K, used 218615K [0x0000000763800000, 0x0000000800000000)
  region size 2048K, 12 young (24576K), 12 survivors (24576K)
 Metaspace       used 37289K, committed 37760K, reserved 1089536K
  class space    used 4104K, committed 4352K, reserved 1048576K
}
Event: 8.451 GC heap before
{Heap before GC invocations=13 (full 0):
 garbage-first heap   total 561152K, used 220663K [0x0000000763800000, 0x0000000800000000)
  region size 2048K, 13 young (26624K), 12 survivors (24576K)
 Metaspace       used 37515K, committed 37952K, reserved 1089536K
  class space    used 4115K, committed 4352K, reserved 1048576K
}
Event: 8.458 GC heap after
{Heap after GC invocations=14 (full 0):
 garbage-first heap   total 561152K, used 218047K [0x0000000763800000, 0x0000000800000000)
  region size 2048K, 2 young (4096K), 2 survivors (4096K)
 Metaspace       used 37515K, committed 37952K, reserved 1089536K
  class space    used 4115K, committed 4352K, reserved 1048576K
}
Event: 8.996 GC heap before
{Heap before GC invocations=14 (full 0):
 garbage-first heap   total 561152K, used 396223K [0x0000000763800000, 0x0000000800000000)
  region size 2048K, 89 young (182272K), 2 survivors (4096K)
 Metaspace       used 44388K, committed 44864K, reserved 1089536K
  class space    used 4939K, committed 5184K, reserved 1048576K
}
Event: 9.001 GC heap after
{Heap after GC invocations=15 (full 0):
 garbage-first heap   total 561152K, used 230802K [0x0000000763800000, 0x0000000800000000)
  region size 2048K, 8 young (16384K), 8 survivors (16384K)
 Metaspace       used 44388K, committed 44864K, reserved 1089536K
  class space    used 4939K, committed 5184K, reserved 1048576K
}
Event: 9.459 GC heap before
{Heap before GC invocations=15 (full 0):
 garbage-first heap   total 561152K, used 388498K [0x0000000763800000, 0x0000000800000000)
  region size 2048K, 70 young (143360K), 8 survivors (16384K)
 Metaspace       used 49513K, committed 49984K, reserved 1097728K
  class space    used 5834K, committed 6080K, reserved 1048576K
}
Event: 9.466 GC heap after
{Heap after GC invocations=16 (full 0):
 garbage-first heap   total 561152K, used 243395K [0x0000000763800000, 0x0000000800000000)
  region size 2048K, 5 young (10240K), 5 survivors (10240K)
 Metaspace       used 49513K, committed 49984K, reserved 1097728K
  class space    used 5834K, committed 6080K, reserved 1048576K
}
Event: 10.036 GC heap before
{Heap before GC invocations=16 (full 0):
 garbage-first heap   total 561152K, used 440003K [0x0000000763800000, 0x0000000800000000)
  region size 2048K, 94 young (192512K), 5 survivors (10240K)
 Metaspace       used 53237K, committed 53760K, reserved 1097728K
  class space    used 6446K, committed 6720K, reserved 1048576K
}
Event: 10.040 GC heap after
{Heap after GC invocations=17 (full 0):
 garbage-first heap   total 561152K, used 241827K [0x0000000763800000, 0x0000000800000000)
  region size 2048K, 6 young (12288K), 6 survivors (12288K)
 Metaspace       used 53237K, committed 53760K, reserved 1097728K
  class space    used 6446K, committed 6720K, reserved 1048576K
}
Event: 10.382 GC heap before
{Heap before GC invocations=17 (full 0):
 garbage-first heap   total 561152K, used 440483K [0x0000000763800000, 0x0000000800000000)
  region size 2048K, 103 young (210944K), 6 survivors (12288K)
 Metaspace       used 53553K, committed 54080K, reserved 1097728K
  class space    used 6518K, committed 6784K, reserved 1048576K
}
Event: 10.385 GC heap after
{Heap after GC invocations=18 (full 0):
 garbage-first heap   total 561152K, used 241924K [0x0000000763800000, 0x0000000800000000)
  region size 2048K, 6 young (12288K), 6 survivors (12288K)
 Metaspace       used 53553K, committed 54080K, reserved 1097728K
  class space    used 6518K, committed 6784K, reserved 1048576K
}
Event: 23.733 GC heap before
{Heap before GC invocations=18 (full 0):
 garbage-first heap   total 561152K, used 452868K [0x0000000763800000, 0x0000000800000000)
  region size 2048K, 109 young (223232K), 6 survivors (12288K)
 Metaspace       used 53790K, committed 54272K, reserved 1097728K
  class space    used 6590K, committed 6848K, reserved 1048576K
}
Event: 23.738 GC heap after
{Heap after GC invocations=19 (full 0):
 garbage-first heap   total 561152K, used 241955K [0x0000000763800000, 0x0000000800000000)
  region size 2048K, 6 young (12288K), 6 survivors (12288K)
 Metaspace       used 53790K, committed 54272K, reserved 1097728K
  class space    used 6590K, committed 6848K, reserved 1048576K
}

