# JRE version: Java(TM) SE Runtime Environment (8.0_152-b16) (build 1.8.0_152-b16)
# Java VM: Java HotSpot(TM) 64-Bit Server VM (25.152-b16 mixed mode bsd-amd64 compressed oops)
Heap:
 par new generation   total 61440K, used 37597K [0x0000000704800000, 0x0000000708aa0000, 0x0000000723b30000)
  eden space 54656K,  56% used [0x0000000704800000, 0x0000000706617498, 0x0000000707d60000)
  from space 6784K, 100% used [0x0000000708400000, 0x0000000708aa0000, 0x0000000708aa0000)
  to   space 6784K,   0% used [0x0000000707d60000, 0x0000000707d60000, 0x0000000708400000)
 concurrent mark-sweep generation total 136576K, used 75523K [0x0000000723b30000, 0x000000072c090000, 0x00000007c0000000)
 Metaspace       used 19731K, capacity 20106K, committed 20224K, reserved 1067008K
  class space    used 2153K, capacity 2269K, committed 2304K, reserved 1048576K
GC Heap History (10 events):
Event: 3323.060 GC heap before
{Heap before GC invocations=32 (full 1):
 par new generation   total 61440K, used 58332K [0x0000000704800000, 0x0000000708aa0000, 0x0000000723b30000)
  eden space 54656K, 100% used [0x0000000704800000, 0x0000000707d60000, 0x0000000707d60000)
  from space 6784K,  54% used [0x0000000707d60000, 0x00000007080f7270, 0x0000000708400000)
  to   space 6784K,   0% used [0x0000000708400000, 0x0000000708400000, 0x0000000708aa0000)
 concurrent mark-sweep generation total 136576K, used 57429K [0x0000000723b30000, 0x000000072c090000, 0x00000007c0000000)
 Metaspace       used 19670K, capacity 20070K, committed 20224K, reserved 1067008K
  class space    used 2145K, capacity 2259K, committed 2304K, reserved 1048576K
Event: 3323.061 GC heap after
Heap after GC invocations=33 (full 1):
 par new generation   total 61440K, used 2991K [0x0000000704800000, 0x0000000708aa0000, 0x0000000723b30000)
  eden space 54656K,   0% used [0x0000000704800000, 0x0000000704800000, 0x0000000707d60000)
  from space 6784K,  44% used [0x0000000708400000, 0x00000007086ebe00, 0x0000000708aa0000)
  to   space 6784K,   0% used [0x0000000707d60000, 0x0000000707d60000, 0x0000000708400000)
 concurrent mark-sweep generation total 136576K, used 57429K [0x0000000723b30000, 0x000000072c090000, 0x00000007c0000000)
 Metaspace       used 19670K, capacity 20070K, committed 20224K, reserved 1067008K
  class space    used 2145K, capacity 2259K, committed 2304K, reserved 1048576K
}
Event: 3505.735 GC heap before
{Heap before GC invocations=33 (full 1):
 par new generation   total 61440K, used 57647K [0x0000000704800000, 0x0000000708aa0000, 0x0000000723b30000)
  eden space 54656K, 100% used [0x0000000704800000, 0x0000000707d60000, 0x0000000707d60000)
  from space 6784K,  44% used [0x0000000708400000, 0x00000007086ebe00, 0x0000000708aa0000)
  to   space 6784K,   0% used [0x0000000707d60000, 0x0000000707d60000, 0x0000000708400000)
 concurrent mark-sweep generation total 136576K, used 57429K [0x0000000723b30000, 0x000000072c090000, 0x00000007c0000000)
 Metaspace       used 19670K, capacity 20070K, committed 20224K, reserved 1067008K
  class space    used 2145K, capacity 2259K, committed 2304K, reserved 1048576K
Event: 3505.738 GC heap after
Heap after GC invocations=34 (full 1):
 par new generation   total 61440K, used 1742K [0x0000000704800000, 0x0000000708aa0000, 0x0000000723b30000)
  eden space 54656K,   0% used [0x0000000704800000, 0x0000000704800000, 0x0000000707d60000)
  from space 6784K,  25% used [0x0000000707d60000, 0x0000000707f13a40, 0x0000000708400000)
  to   space 6784K,   0% used [0x0000000708400000, 0x0000000708400000, 0x0000000708aa0000)
 concurrent mark-sweep generation total 136576K, used 57429K [0x0000000723b30000, 0x000000072c090000, 0x00000007c0000000)
 Metaspace       used 19670K, capacity 20070K, committed 20224K, reserved 1067008K
  class space    used 2145K, capacity 2259K, committed 2304K, reserved 1048576K
}
Event: 3507.238 GC heap before
{Heap before GC invocations=34 (full 1):
 par new generation   total 61440K, used 56398K [0x0000000704800000, 0x0000000708aa0000, 0x0000000723b30000)
  eden space 54656K, 100% used [0x0000000704800000, 0x0000000707d60000, 0x0000000707d60000)
  from space 6784K,  25% used [0x0000000707d60000, 0x0000000707f13a40, 0x0000000708400000)
  to   space 6784K,   0% used [0x0000000708400000, 0x0000000708400000, 0x0000000708aa0000)
 concurrent mark-sweep generation total 136576K, used 57429K [0x0000000723b30000, 0x000000072c090000, 0x00000007c0000000)
 Metaspace       used 19670K, capacity 20070K, committed 20224K, reserved 1067008K
  class space    used 2145K, capacity 2259K, committed 2304K, reserved 1048576K
Event: 3507.240 GC heap after
Heap after GC invocations=35 (full 1):
 par new generation   total 61440K, used 1443K [0x0000000704800000, 0x0000000708aa0000, 0x0000000723b30000)
  eden space 54656K,   0% used [0x0000000704800000, 0x0000000704800000, 0x0000000707d60000)
  from space 6784K,  21% used [0x0000000708400000, 0x0000000708568cb0, 0x0000000708aa0000)
  to   space 6784K,   0% used [0x0000000707d60000, 0x0000000707d60000, 0x0000000708400000)
 concurrent mark-sweep generation total 136576K, used 57429K [0x0000000723b30000, 0x000000072c090000, 0x00000007c0000000)
 Metaspace       used 19670K, capacity 20070K, committed 20224K, reserved 1067008K
  class space    used 2145K, capacity 2259K, committed 2304K, reserved 1048576K
}
Event: 3799.911 GC heap before
{Heap before GC invocations=35 (full 1):
 par new generation   total 61440K, used 56099K [0x0000000704800000, 0x0000000708aa0000, 0x0000000723b30000)
  eden space 54656K, 100% used [0x0000000704800000, 0x0000000707d60000, 0x0000000707d60000)
  from space 6784K,  21% used [0x0000000708400000, 0x0000000708568cb0, 0x0000000708aa0000)
  to   space 6784K,   0% used [0x0000000707d60000, 0x0000000707d60000, 0x0000000708400000)
 concurrent mark-sweep generation total 136576K, used 57429K [0x0000000723b30000, 0x000000072c090000, 0x00000007c0000000)
 Metaspace       used 19706K, capacity 20082K, committed 20224K, reserved 1067008K
  class space    used 2150K, capacity 2263K, committed 2304K, reserved 1048576K
Event: 3799.925 GC heap after
Heap after GC invocations=36 (full 1):
 par new generation   total 61440K, used 6783K [0x0000000704800000, 0x0000000708aa0000, 0x0000000723b30000)
  eden space 54656K,   0% used [0x0000000704800000, 0x0000000704800000, 0x0000000707d60000)
  from space 6784K,  99% used [0x0000000707d60000, 0x00000007083ffff8, 0x0000000708400000)
  to   space 6784K,   0% used [0x0000000708400000, 0x0000000708400000, 0x0000000708aa0000)
 concurrent mark-sweep generation total 136576K, used 60540K [0x0000000723b30000, 0x000000072c090000, 0x00000007c0000000)
 Metaspace       used 19706K, capacity 20082K, committed 20224K, reserved 1067008K
  class space    used 2150K, capacity 2263K, committed 2304K, reserved 1048576K
}
Event: 3799.983 GC heap before
{Heap before GC invocations=36 (full 1):
 par new generation   total 61440K, used 61439K [0x0000000704800000, 0x0000000708aa0000, 0x0000000723b30000)
  eden space 54656K, 100% used [0x0000000704800000, 0x0000000707d60000, 0x0000000707d60000)
  from space 6784K,  99% used [0x0000000707d60000, 0x00000007083ffff8, 0x0000000708400000)
  to   space 6784K,   0% used [0x0000000708400000, 0x0000000708400000, 0x0000000708aa0000)
 concurrent mark-sweep generation total 136576K, used 60540K [0x0000000723b30000, 0x000000072c090000, 0x00000007c0000000)
 Metaspace       used 19707K, capacity 20082K, committed 20224K, reserved 1067008K
  class space    used 2150K, capacity 2263K, committed 2304K, reserved 1048576K
Event: 3800.004 GC heap after
Heap after GC invocations=37 (full 1):
 par new generation   total 61440K, used 6784K [0x0000000704800000, 0x0000000708aa0000, 0x0000000723b30000)
  eden space 54656K,   0% used [0x0000000704800000, 0x0000000704800000, 0x0000000707d60000)
  from space 6784K, 100% used [0x0000000708400000, 0x0000000708aa0000, 0x0000000708aa0000)
  to   space 6784K,   0% used [0x0000000707d60000, 0x0000000707d60000, 0x0000000708400000)
 concurrent mark-sweep generation total 136576K, used 75523K [0x0000000723b30000, 0x000000072c090000, 0x00000007c0000000)
 Metaspace       used 19707K, capacity 20082K, committed 20224K, reserved 1067008K
  class space    used 2150K, capacity 2263K, committed 2304K, reserved 1048576K
}

